2024/01/23 00:37:12 [error] 7#7: *204 FastCGI sent in stderr: "PHP message: An Error occurred while handling another error:
yii\web\HeadersAlreadySentException: Headers already sent in /var/www/html/vendor/yiisoft/yii2/helpers/BaseVarDumper.php on line 38. in /var/www/html/vendor/yiisoft/yii2/web/Response.php:369
Stack trace:
#0 /var/www/html/vendor/yiisoft/yii2/web/Response.php(342): yii\web\Response->sendHeaders()
#1 /var/www/html/vendor/yiisoft/yii2/web/ErrorHandler.php(136): yii\web\Response->send()
#2 /var/www/html/vendor/yiisoft/yii2/base/ErrorHandler.php(152): yii\web\ErrorHandler->renderException(Object(yii\web\HeadersAlreadySentException))
#3 [internal function]: yii\base\ErrorHandler->handleException(Object(yii\web\HeadersAlreadySentException))
#4 {main}
Previous exception:
yii\web\HeadersAlreadySentException: Headers already sent in /var/www/html/vendor/yiisoft/yii2/helpers/BaseVarDumper.php on line 38. in /var/www/html/vendor/yiisoft/yii2/web/Response.php:369
Stack trace:
#0 /var/www/html/vendor/yiisoft/yii2/web/Response.php(342): yii\web\Response->sendHeaders()
#1 /var/www/html/vendor/yiisoft/yii2/base/Application.php(390): yii\web\Response->send()
#2 /var/www/html/web/index.php(12): yii\base\Application->run()
#3 {main}
$_SERVER = [
    'PHP_EXTRA_CONFIGURE_ARGS' => '--enable-fpm --with-fpm-user=www-data --with-fpm-group=www-data --disable-cgi',
    'HOSTNAME' => '741a5e19a157',
    'PHP_INI_DIR' => '/usr/local/etc/php',
    'SHLVL' => '1',
    'HOME' => '/home/www-data',
    'XDEBUG_CONFIG' => 'remote_enable=Off remote_autostart=Off',
    'PHP_LDFLAGS' => '-Wl,-O1 -Wl,--hash-style=both -pie',
    'PHP_CFLAGS' => '-fstack-protector-strong -fpic -fpie -O2 -D_LARGEFILE_SOURCE -D_FILE_OFFSET_BITS=64',
    'PHP_MD5' => '',
    'PHP_VERSION' => '7.4.3',
    'VERSION_PRESTISSIMO_PLUGIN' => '^0.3.0',
    'GPG_KEYS' => '42670A7FE4D0441C8E4632349E4FDC074A4EF02D 5A52880781F755608BF815FC910DEB46F53EA312',
    'PHP_CPPFLAGS' => '-fstack-protector-strong -fpic -fpie -O2 -D_LARGEFILE_SOURCE -D_FILE_OFFSET_BITS=6
2024/01/23 00:37:12 [error] 7#7: *204 FastCGI sent in stderr: "2312; _ym_d=1705510028; infinite_scroll=0; box-item-barcode=; box-item-additional=; PHPSESSID=9720afb1b605e5aea031c01bbd9c9489; _identity=655019997d69ae8a6d4ef29fcd6462a63489d1b53d99a8c8ce45618c7ab765b1a%3A2%3A%7Bi%3A0%3Bs%3A9%3A%22_identity%22%3Bi%3A1%3Bs%3A28%3A%22%5B%22100%22%2C%22test100key%22%2C2592000%5D%22%3B%7D; _csrf=e41ac08f1b8908d555093e20222867751c2299a397cd83319b43a98133b5495da%3A2%3A%7Bi%3A0%3Bs%3A5%3A%22_csrf%22%3Bi%3A1%3Bs%3A32%3A%223AYPkJDivtphRPn1Sfec_MwvFmJkbK5T%22%3B%7D; phpMyAdmin=63ab50c6aade3df05944800787637ffc; pmaUser-1=VA4ViPQ5bwsNc2Xnp3jXPIi1B%2BVSX9xwyyy%2FWhv7sgveV6bOVWUY38kQ0dc%3D; pmaAuth-1=lFlq7Vs9kcVSNC85YscHZDIGIYdiK07tUrz5GZ1T2tPII%2F%2FuA9hyFOC%2BdR6iTeThrVLc5bIEsxsx7IyVfA%3D%3D',
    'HTTP_ACCEPT_LANGUAGE' => 'ru-RU,ru;q=0.9,en-US;q=0.8,en;q=0.7',
    'HTTP_ACCEPT_ENCODING' => 'gzip, deflate, br',
    'HTTP_REFERER' => 'http://localhost:8080/category/update?id=1',
    'HTTP_SEC_FETCH_DEST' => 'document',
    'HTTP_SEC_FETCH_USER' => '?1',
    'HTTP_SEC_FETCH_MODE' => 'navigate',
    'HTTP_SEC_FETCH_SITE' => 'same-origin',
    'HTTP_ACCEPT' => 'text/html,application/xhtml+xml,application/xml;q=0.9,image/avif,image/webp,image/apng,*/*;q=0.8,application/signed-exchange;v=b3;q=0.7',
    'HTTP_USER_AGENT' => 'Mozilla/5.0 (Windows NT 10.0; Win64; x64) AppleWebKit/537.36 (KHTML, like Gecko) Chrome/120.0.0.0 Safari/537.36',
    'HTTP_UPGRADE_INSECURE_REQUESTS' => '1',
    'HTTP_SEC_CH_UA_PLATFORM' => '"Windows"',
    'HTTP_SEC_CH_UA_MOBILE' => '?0',
    'HTTP_SEC_CH_UA' => '"Not_A Brand";v="8", "Chromium";v="120", "Google Chrome";v="120"',
    'HTTP_CACHE_CONTROL' => 'max-age=0',
    'HTTP_CONNECTION' => 'keep-alive',
    'HTTP_HOST' => 'localhost:8080',
    'REDIRECT_STATUS' => '200',
    'SERVER_NAME' => 'yii',
    'SERVER_PORT' => '8010',
    'SERVER_ADDR' => '172.20.0.5',
    'REMOTE_PORT' => '50618',
    'REMOTE_ADDR' => '172.20.0.1',
    'SERVER_SOFTWARE' => 'nginx/1.17.8',
    'GATEWAY_INTERFACE' => 'CGI/1.1',
    
2024/01/23 00:38:04 [error] 7#7: *204 FastCGI sent in stderr: "PHP message: An Error occurred while handling another error:
yii\web\HeadersAlreadySentException: Headers already sent in /var/www/html/models/Category.php on line 68. in /var/www/html/vendor/yiisoft/yii2/web/Response.php:369
Stack trace:
#0 /var/www/html/vendor/yiisoft/yii2/web/Response.php(342): yii\web\Response->sendHeaders()
#1 /var/www/html/vendor/yiisoft/yii2/web/ErrorHandler.php(136): yii\web\Response->send()
#2 /var/www/html/vendor/yiisoft/yii2/base/ErrorHandler.php(152): yii\web\ErrorHandler->renderException(Object(yii\web\HeadersAlreadySentException))
#3 [internal function]: yii\base\ErrorHandler->handleException(Object(yii\web\HeadersAlreadySentException))
#4 {main}
Previous exception:
yii\web\HeadersAlreadySentException: Headers already sent in /var/www/html/models/Category.php on line 68. in /var/www/html/vendor/yiisoft/yii2/web/Response.php:369
Stack trace:
#0 /var/www/html/vendor/yiisoft/yii2/web/Response.php(342): yii\web\Response->sendHeaders()
#1 /var/www/html/vendor/yiisoft/yii2/base/Application.php(390): yii\web\Response->send()
#2 /var/www/html/web/index.php(12): yii\base\Application->run()
#3 {main}
$_SERVER = [
    'PHP_EXTRA_CONFIGURE_ARGS' => '--enable-fpm --with-fpm-user=www-data --with-fpm-group=www-data --disable-cgi',
    'HOSTNAME' => '741a5e19a157',
    'PHP_INI_DIR' => '/usr/local/etc/php',
    'SHLVL' => '1',
    'HOME' => '/home/www-data',
    'XDEBUG_CONFIG' => 'remote_enable=Off remote_autostart=Off',
    'PHP_LDFLAGS' => '-Wl,-O1 -Wl,--hash-style=both -pie',
    'PHP_CFLAGS' => '-fstack-protector-strong -fpic -fpie -O2 -D_LARGEFILE_SOURCE -D_FILE_OFFSET_BITS=64',
    'PHP_MD5' => '',
    'PHP_VERSION' => '7.4.3',
    'VERSION_PRESTISSIMO_PLUGIN' => '^0.3.0',
    'GPG_KEYS' => '42670A7FE4D0441C8E4632349E4FDC074A4EF02D 5A52880781F755608BF815FC910DEB46F53EA312',
    'PHP_CPPFLAGS' => '-fstack-protector-strong -fpic -fpie -O2 -D_LARGEFILE_SOURCE -D_FILE_OFFSET_BITS=64',
    'PHP_ASC_URL' => 'https://www.php.net/get/ph
2024/01/23 00:38:04 [error] 7#7: *204 FastCGI sent in stderr: "D=9720afb1b605e5aea031c01bbd9c9489; _identity=655019997d69ae8a6d4ef29fcd6462a63489d1b53d99a8c8ce45618c7ab765b1a%3A2%3A%7Bi%3A0%3Bs%3A9%3A%22_identity%22%3Bi%3A1%3Bs%3A28%3A%22%5B%22100%22%2C%22test100key%22%2C2592000%5D%22%3B%7D; _csrf=e41ac08f1b8908d555093e20222867751c2299a397cd83319b43a98133b5495da%3A2%3A%7Bi%3A0%3Bs%3A5%3A%22_csrf%22%3Bi%3A1%3Bs%3A32%3A%223AYPkJDivtphRPn1Sfec_MwvFmJkbK5T%22%3B%7D; phpMyAdmin=63ab50c6aade3df05944800787637ffc; pmaUser-1=VA4ViPQ5bwsNc2Xnp3jXPIi1B%2BVSX9xwyyy%2FWhv7sgveV6bOVWUY38kQ0dc%3D; pmaAuth-1=lFlq7Vs9kcVSNC85YscHZDIGIYdiK07tUrz5GZ1T2tPII%2F%2FuA9hyFOC%2BdR6iTeThrVLc5bIEsxsx7IyVfA%3D%3D',
    'HTTP_ACCEPT_LANGUAGE' => 'ru-RU,ru;q=0.9,en-US;q=0.8,en;q=0.7',
    'HTTP_ACCEPT_ENCODING' => 'gzip, deflate, br',
    'HTTP_REFERER' => 'http://localhost:8080/category/update?id=1',
    'HTTP_SEC_FETCH_DEST' => 'document',
    'HTTP_SEC_FETCH_USER' => '?1',
    'HTTP_SEC_FETCH_MODE' => 'navigate',
    'HTTP_SEC_FETCH_SITE' => 'same-origin',
    'HTTP_ACCEPT' => 'text/html,application/xhtml+xml,application/xml;q=0.9,image/avif,image/webp,image/apng,*/*;q=0.8,application/signed-exchange;v=b3;q=0.7',
    'HTTP_USER_AGENT' => 'Mozilla/5.0 (Windows NT 10.0; Win64; x64) AppleWebKit/537.36 (KHTML, like Gecko) Chrome/120.0.0.0 Safari/537.36',
    'HTTP_UPGRADE_INSECURE_REQUESTS' => '1',
    'HTTP_SEC_CH_UA_PLATFORM' => '"Windows"',
    'HTTP_SEC_CH_UA_MOBILE' => '?0',
    'HTTP_SEC_CH_UA' => '"Not_A Brand";v="8", "Chromium";v="120", "Google Chrome";v="120"',
    'HTTP_CACHE_CONTROL' => 'max-age=0',
    'HTTP_CONNECTION' => 'keep-alive',
    'HTTP_HOST' => 'localhost:8080',
    'REDIRECT_STATUS' => '200',
    'SERVER_NAME' => 'yii',
    'SERVER_PORT' => '8010',
    'SERVER_ADDR' => '172.20.0.5',
    'REMOTE_PORT' => '50618',
    'REMOTE_ADDR' => '172.20.0.1',
    'SERVER_SOFTWARE' => 'nginx/1.17.8',
    'GATEWAY_INTERFACE' => 'CGI/1.1',
    'REQUEST_SCHEME' => 'http',
    'SERVER_PROTOCOL' => 'HTTP/1.1',
    'DOCUMENT_ROOT' => '/va
2024/01/23 00:38:59 [error] 7#7: *204 FastCGI sent in stderr: "PHP message: An Error occurred while handling another error:
yii\web\HeadersAlreadySentException: Headers already sent in /var/www/html/models/Category.php on line 68. in /var/www/html/vendor/yiisoft/yii2/web/Response.php:369
Stack trace:
#0 /var/www/html/vendor/yiisoft/yii2/web/Response.php(342): yii\web\Response->sendHeaders()
#1 /var/www/html/vendor/yiisoft/yii2/web/ErrorHandler.php(136): yii\web\Response->send()
#2 /var/www/html/vendor/yiisoft/yii2/base/ErrorHandler.php(152): yii\web\ErrorHandler->renderException(Object(yii\web\HeadersAlreadySentException))
#3 [internal function]: yii\base\ErrorHandler->handleException(Object(yii\web\HeadersAlreadySentException))
#4 {main}
Previous exception:
yii\web\HeadersAlreadySentException: Headers already sent in /var/www/html/models/Category.php on line 68. in /var/www/html/vendor/yiisoft/yii2/web/Response.php:369
Stack trace:
#0 /var/www/html/vendor/yiisoft/yii2/web/Response.php(342): yii\web\Response->sendHeaders()
#1 /var/www/html/vendor/yiisoft/yii2/base/Application.php(390): yii\web\Response->send()
#2 /var/www/html/web/index.php(12): yii\base\Application->run()
#3 {main}
$_SERVER = [
    'PHP_EXTRA_CONFIGURE_ARGS' => '--enable-fpm --with-fpm-user=www-data --with-fpm-group=www-data --disable-cgi',
    'HOSTNAME' => '741a5e19a157',
    'PHP_INI_DIR' => '/usr/local/etc/php',
    'SHLVL' => '1',
    'HOME' => '/home/www-data',
    'XDEBUG_CONFIG' => 'remote_enable=Off remote_autostart=Off',
    'PHP_LDFLAGS' => '-Wl,-O1 -Wl,--hash-style=both -pie',
    'PHP_CFLAGS' => '-fstack-protector-strong -fpic -fpie -O2 -D_LARGEFILE_SOURCE -D_FILE_OFFSET_BITS=64',
    'PHP_MD5' => '',
    'PHP_VERSION' => '7.4.3',
    'VERSION_PRESTISSIMO_PLUGIN' => '^0.3.0',
    'GPG_KEYS' => '42670A7FE4D0441C8E4632349E4FDC074A4EF02D 5A52880781F755608BF815FC910DEB46F53EA312',
    'PHP_CPPFLAGS' => '-fstack-protector-strong -fpic -fpie -O2 -D_LARGEFILE_SOURCE -D_FILE_OFFSET_BITS=64',
    'PHP_ASC_URL' => 'https://www.php.net/get/ph
2024/01/23 00:38:59 [error] 7#7: *204 FastCGI sent in stderr: "Moscow',
    'USER' => 'www-data',
    'HTTP_COOKIE' => 'pma_lang=ru; box-item-contragent=; undefined=collapsed-box; _ym_uid=1705510028179942312; _ym_d=1705510028; infinite_scroll=0; box-item-barcode=; box-item-additional=; PHPSESSID=9720afb1b605e5aea031c01bbd9c9489; _identity=655019997d69ae8a6d4ef29fcd6462a63489d1b53d99a8c8ce45618c7ab765b1a%3A2%3A%7Bi%3A0%3Bs%3A9%3A%22_identity%22%3Bi%3A1%3Bs%3A28%3A%22%5B%22100%22%2C%22test100key%22%2C2592000%5D%22%3B%7D; _csrf=e41ac08f1b8908d555093e20222867751c2299a397cd83319b43a98133b5495da%3A2%3A%7Bi%3A0%3Bs%3A5%3A%22_csrf%22%3Bi%3A1%3Bs%3A32%3A%223AYPkJDivtphRPn1Sfec_MwvFmJkbK5T%22%3B%7D; phpMyAdmin=63ab50c6aade3df05944800787637ffc; pmaUser-1=KW4nKLcilUWYW3%2FSODY5ATkvO2iorDnB8T7DQRnyQWJo6becB%2Bt0Q%2BXC8qU%3D; pmaAuth-1=wGADr9KFExJFF4G6djxet%2BGzjkVmuSqzxGXw9cmU3nX2sPfbufZGKuBgscN9Lh8Q77VMBc1yR2L6YCT1Ig%3D%3D',
    'HTTP_ACCEPT_LANGUAGE' => 'ru-RU,ru;q=0.9,en-US;q=0.8,en;q=0.7',
    'HTTP_ACCEPT_ENCODING' => 'gzip, deflate, br',
    'HTTP_REFERER' => 'http://localhost:8080/category/update?id=1',
    'HTTP_SEC_FETCH_DEST' => 'document',
    'HTTP_SEC_FETCH_USER' => '?1',
    'HTTP_SEC_FETCH_MODE' => 'navigate',
    'HTTP_SEC_FETCH_SITE' => 'same-origin',
    'HTTP_ACCEPT' => 'text/html,application/xhtml+xml,application/xml;q=0.9,image/avif,image/webp,image/apng,*/*;q=0.8,application/signed-exchange;v=b3;q=0.7',
    'HTTP_USER_AGENT' => 'Mozilla/5.0 (Windows NT 10.0; Win64; x64) AppleWebKit/537.36 (KHTML, like Gecko) Chrome/120.0.0.0 Safari/537.36',
    'HTTP_UPGRADE_INSECURE_REQUESTS' => '1',
    'HTTP_SEC_CH_UA_PLATFORM' => '"Windows"',
    'HTTP_SEC_CH_UA_MOBILE' => '?0',
    'HTTP_SEC_CH_UA' => '"Not_A Brand";v="8", "Chromium";v="120", "Google Chrome";v="120"',
    'HTTP_CACHE_CONTROL' => 'max-age=0',
    'HTTP_CONNECTION' => 'keep-alive',
    'HTTP_HOST' => 'localhost:8080',
    'REDIRECT_STATUS' => '200',
    'SERVER_NAME' => 'yii',
    'SERVER_PORT' => '8010',
    'SERVER_ADDR' => '172.20.0.5',
    'REMOT
2024/01/23 00:39:57 [error] 7#7: *204 FastCGI sent in stderr: "PHP message: An Error occurred while handling another error:
yii\web\HeadersAlreadySentException: Headers already sent in /var/www/html/models/Category.php on line 68. in /var/www/html/vendor/yiisoft/yii2/web/Response.php:369
Stack trace:
#0 /var/www/html/vendor/yiisoft/yii2/web/Response.php(342): yii\web\Response->sendHeaders()
#1 /var/www/html/vendor/yiisoft/yii2/web/ErrorHandler.php(136): yii\web\Response->send()
#2 /var/www/html/vendor/yiisoft/yii2/base/ErrorHandler.php(152): yii\web\ErrorHandler->renderException(Object(yii\web\HeadersAlreadySentException))
#3 [internal function]: yii\base\ErrorHandler->handleException(Object(yii\web\HeadersAlreadySentException))
#4 {main}
Previous exception:
yii\web\HeadersAlreadySentException: Headers already sent in /var/www/html/models/Category.php on line 68. in /var/www/html/vendor/yiisoft/yii2/web/Response.php:369
Stack trace:
#0 /var/www/html/vendor/yiisoft/yii2/web/Response.php(342): yii\web\Response->sendHeaders()
#1 /var/www/html/vendor/yiisoft/yii2/base/Application.php(390): yii\web\Response->send()
#2 /var/www/html/web/index.php(12): yii\base\Application->run()
#3 {main}
$_SERVER = [
    'PHP_EXTRA_CONFIGURE_ARGS' => '--enable-fpm --with-fpm-user=www-data --with-fpm-group=www-data --disable-cgi',
    'HOSTNAME' => '741a5e19a157',
    'PHP_INI_DIR' => '/usr/local/etc/php',
    'SHLVL' => '1',
    'HOME' => '/home/www-data',
    'XDEBUG_CONFIG' => 'remote_enable=Off remote_autostart=Off',
    'PHP_LDFLAGS' => '-Wl,-O1 -Wl,--hash-style=both -pie',
    'PHP_CFLAGS' => '-fstack-protector-strong -fpic -fpie -O2 -D_LARGEFILE_SOURCE -D_FILE_OFFSET_BITS=64',
    'PHP_MD5' => '',
    'PHP_VERSION' => '7.4.3',
    'VERSION_PRESTISSIMO_PLUGIN' => '^0.3.0',
    'GPG_KEYS' => '42670A7FE4D0441C8E4632349E4FDC074A4EF02D 5A52880781F755608BF815FC910DEB46F53EA312',
    'PHP_CPPFLAGS' => '-fstack-protector-strong -fpic -fpie -O2 -D_LARGEFILE_SOURCE -D_FILE_OFFSET_BITS=64',
    'PHP_ASC_URL' => 'https://www.php.net/get/ph
2024/01/23 00:39:57 [error] 7#7: *204 FastCGI sent in stderr: "MYSQL_PASSWORD' => 'secret',
    'PATH' => '/usr/local/sbin:/usr/local/bin:/usr/sbin:/usr/bin:/sbin:/bin',
    'MYSQL_USER' => 'root',
    'PHPIZE_DEPS' => 'autoconf 		dpkg-dev dpkg 		file 		g++ 		gcc 		libc-dev 		make 		pkgconf 		re2c',
    'PWD' => '/var/www/html',
    'PHP_SHA256' => 'cf1f856d877c268124ded1ede40c9fb6142b125fdaafdc54f855120b8bc6982a',
    'TZ' => 'Europe/Moscow',
    'USER' => 'www-data',
    'HTTP_COOKIE' => 'pma_lang=ru; box-item-contragent=; undefined=collapsed-box; _ym_uid=1705510028179942312; _ym_d=1705510028; infinite_scroll=0; box-item-barcode=; box-item-additional=; PHPSESSID=9720afb1b605e5aea031c01bbd9c9489; _identity=655019997d69ae8a6d4ef29fcd6462a63489d1b53d99a8c8ce45618c7ab765b1a%3A2%3A%7Bi%3A0%3Bs%3A9%3A%22_identity%22%3Bi%3A1%3Bs%3A28%3A%22%5B%22100%22%2C%22test100key%22%2C2592000%5D%22%3B%7D; _csrf=e41ac08f1b8908d555093e20222867751c2299a397cd83319b43a98133b5495da%3A2%3A%7Bi%3A0%3Bs%3A5%3A%22_csrf%22%3Bi%3A1%3Bs%3A32%3A%223AYPkJDivtphRPn1Sfec_MwvFmJkbK5T%22%3B%7D; phpMyAdmin=63ab50c6aade3df05944800787637ffc; pmaUser-1=swtDXurjT4hm8BPCtCYYYdrMayBHjOlftZddZbddRcKPxnzK145%2FYrqHJ8Q%3D; pmaAuth-1=gO69povDQmsUysnGMsJhw7R5n4aj%2Bb7Uf1gfKxvgAVp0yPuBdIngxM18DMfKAM54iHkjURM2qK9W9zm3ig%3D%3D',
    'HTTP_ACCEPT_LANGUAGE' => 'ru-RU,ru;q=0.9,en-US;q=0.8,en;q=0.7',
    'HTTP_ACCEPT_ENCODING' => 'gzip, deflate, br',
    'HTTP_REFERER' => 'http://localhost:8080/category/update?id=1',
    'HTTP_SEC_FETCH_DEST' => 'document',
    'HTTP_SEC_FETCH_USER' => '?1',
    'HTTP_SEC_FETCH_MODE' => 'navigate',
    'HTTP_SEC_FETCH_SITE' => 'same-origin',
    'HTTP_ACCEPT' => 'text/html,application/xhtml+xml,application/xml;q=0.9,image/avif,image/webp,image/apng,*/*;q=0.8,application/signed-exchange;v=b3;q=0.7',
    'HTTP_USER_AGENT' => 'Mozilla/5.0 (Windows NT 10.0; Win64; x64) AppleWebKit/537.36 (KHTML, like Gecko) Chrome/120.0.0.0 Safari/537.36',
    'HTTP_UPGRADE_INSECURE_REQUESTS' => '1',
    'HTTP_SEC_CH_UA_PLATFORM' => '"Windows"',
    'HTT
2024/01/23 00:42:02 [error] 7#7: *216 FastCGI sent in stderr: "PHP message: An Error occurred while handling another error:
yii\web\HeadersAlreadySentException: Headers already sent in /var/www/html/models/Category.php on line 68. in /var/www/html/vendor/yiisoft/yii2/web/Response.php:369
Stack trace:
#0 /var/www/html/vendor/yiisoft/yii2/web/Response.php(342): yii\web\Response->sendHeaders()
#1 /var/www/html/vendor/yiisoft/yii2/web/ErrorHandler.php(136): yii\web\Response->send()
#2 /var/www/html/vendor/yiisoft/yii2/base/ErrorHandler.php(152): yii\web\ErrorHandler->renderException(Object(yii\web\HeadersAlreadySentException))
#3 [internal function]: yii\base\ErrorHandler->handleException(Object(yii\web\HeadersAlreadySentException))
#4 {main}
Previous exception:
yii\web\HeadersAlreadySentException: Headers already sent in /var/www/html/models/Category.php on line 68. in /var/www/html/vendor/yiisoft/yii2/web/Response.php:369
Stack trace:
#0 /var/www/html/vendor/yiisoft/yii2/web/Response.php(342): yii\web\Response->sendHeaders()
#1 /var/www/html/vendor/yiisoft/yii2/base/Application.php(390): yii\web\Response->send()
#2 /var/www/html/web/index.php(12): yii\base\Application->run()
#3 {main}
$_SERVER = [
    'PHP_EXTRA_CONFIGURE_ARGS' => '--enable-fpm --with-fpm-user=www-data --with-fpm-group=www-data --disable-cgi',
    'HOSTNAME' => '741a5e19a157',
    'PHP_INI_DIR' => '/usr/local/etc/php',
    'SHLVL' => '1',
    'HOME' => '/home/www-data',
    'XDEBUG_CONFIG' => 'remote_enable=Off remote_autostart=Off',
    'PHP_LDFLAGS' => '-Wl,-O1 -Wl,--hash-style=both -pie',
    'PHP_CFLAGS' => '-fstack-protector-strong -fpic -fpie -O2 -D_LARGEFILE_SOURCE -D_FILE_OFFSET_BITS=64',
    'PHP_MD5' => '',
    'PHP_VERSION' => '7.4.3',
    'VERSION_PRESTISSIMO_PLUGIN' => '^0.3.0',
    'GPG_KEYS' => '42670A7FE4D0441C8E4632349E4FDC074A4EF02D 5A52880781F755608BF815FC910DEB46F53EA312',
    'PHP_CPPFLAGS' => '-fstack-protector-strong -fpic -fpie -O2 -D_LARGEFILE_SOURCE -D_FILE_OFFSET_BITS=64',
    'PHP_ASC_URL' => 'https://www.php.net/get/ph
2024/01/23 00:42:02 [error] 7#7: *216 FastCGI sent in stderr: " => 'autoconf 		dpkg-dev dpkg 		file 		g++ 		gcc 		libc-dev 		make 		pkgconf 		re2c',
    'PWD' => '/var/www/html',
    'PHP_SHA256' => 'cf1f856d877c268124ded1ede40c9fb6142b125fdaafdc54f855120b8bc6982a',
    'TZ' => 'Europe/Moscow',
    'USER' => 'www-data',
    'HTTP_COOKIE' => 'pma_lang=ru; box-item-contragent=; undefined=collapsed-box; _ym_uid=1705510028179942312; _ym_d=1705510028; infinite_scroll=0; box-item-barcode=; box-item-additional=; PHPSESSID=9720afb1b605e5aea031c01bbd9c9489; _identity=655019997d69ae8a6d4ef29fcd6462a63489d1b53d99a8c8ce45618c7ab765b1a%3A2%3A%7Bi%3A0%3Bs%3A9%3A%22_identity%22%3Bi%3A1%3Bs%3A28%3A%22%5B%22100%22%2C%22test100key%22%2C2592000%5D%22%3B%7D; _csrf=e41ac08f1b8908d555093e20222867751c2299a397cd83319b43a98133b5495da%3A2%3A%7Bi%3A0%3Bs%3A5%3A%22_csrf%22%3Bi%3A1%3Bs%3A32%3A%223AYPkJDivtphRPn1Sfec_MwvFmJkbK5T%22%3B%7D; phpMyAdmin=63ab50c6aade3df05944800787637ffc; pmaUser-1=swtDXurjT4hm8BPCtCYYYdrMayBHjOlftZddZbddRcKPxnzK145%2FYrqHJ8Q%3D; pmaAuth-1=gO69povDQmsUysnGMsJhw7R5n4aj%2Bb7Uf1gfKxvgAVp0yPuBdIngxM18DMfKAM54iHkjURM2qK9W9zm3ig%3D%3D',
    'HTTP_ACCEPT_LANGUAGE' => 'ru-RU,ru;q=0.9,en-US;q=0.8,en;q=0.7',
    'HTTP_ACCEPT_ENCODING' => 'gzip, deflate, br',
    'HTTP_REFERER' => 'http://localhost:8080/category/update?id=1',
    'HTTP_SEC_FETCH_DEST' => 'document',
    'HTTP_SEC_FETCH_USER' => '?1',
    'HTTP_SEC_FETCH_MODE' => 'navigate',
    'HTTP_SEC_FETCH_SITE' => 'same-origin',
    'HTTP_ACCEPT' => 'text/html,application/xhtml+xml,application/xml;q=0.9,image/avif,image/webp,image/apng,*/*;q=0.8,application/signed-exchange;v=b3;q=0.7',
    'HTTP_USER_AGENT' => 'Mozilla/5.0 (Windows NT 10.0; Win64; x64) AppleWebKit/537.36 (KHTML, like Gecko) Chrome/120.0.0.0 Safari/537.36',
    'HTTP_UPGRADE_INSECURE_REQUESTS' => '1',
    'HTTP_SEC_CH_UA_PLATFORM' => '"Windows"',
    'HTTP_SEC_CH_UA_MOBILE' => '?0',
    'HTTP_SEC_CH_UA' => '"Not_A Brand";v="8", "Chromium";v="120", "Google Chrome";v="120"',
    'HTTP_CACHE_CONTROL' => 'ma
2024/01/23 23:38:27 [error] 7#7: *1192 directory index of "/var/www/html/web/images/article/thumb/" is forbidden, client: 172.22.0.1, server: yii, request: "GET /images/article/thumb/ HTTP/1.1", host: "localhost:8080", referrer: "http://localhost:8080/article/index?page=5"
